./lib/libmy.a:1: MAJOR:C-O1
./lib/my/assets/font.ttf.o:1: MAJOR:C-O1
./lib/my/libmy.a:1: MAJOR:C-O1
./lib/my/src/basic/convert_base.o:1: MAJOR:C-O1
./lib/my/src/basic/gnl.o:1: MAJOR:C-O1
./lib/my/src/basic/my_calloc.o:1: MAJOR:C-O1
./lib/my/src/basic/my_compute_power_rec.o:1: MAJOR:C-O1
./lib/my/src/basic/my_compute_square_root.o:1: MAJOR:C-O1
./lib/my/src/basic/my_coolersplit.o:1: MAJOR:C-O1
./lib/my/src/basic/my_find_prime_sup.o:1: MAJOR:C-O1
./lib/my/src/basic/my_getnbr.o:1: MAJOR:C-O1
./lib/my/src/basic/my_getnbr_base.o:1: MAJOR:C-O1
./lib/my/src/basic/my_is_prime.o:1: MAJOR:C-O1
./lib/my/src/basic/my_isneg.o:1: MAJOR:C-O1
./lib/my/src/basic/my_memchr.o:1: MAJOR:C-O1
./lib/my/src/basic/my_memcmp.o:1: MAJOR:C-O1
./lib/my/src/basic/my_memcpy.o:1: MAJOR:C-O1
./lib/my/src/basic/my_memjoin.o:1: MAJOR:C-O1
./lib/my/src/basic/my_memmove.o:1: MAJOR:C-O1
./lib/my/src/basic/my_memset.o:1: MAJOR:C-O1
./lib/my/src/basic/my_put_nbr.o:1: MAJOR:C-O1
./lib/my/src/basic/my_putchar.o:1: MAJOR:C-O1
./lib/my/src/basic/my_putnbr_base.o:1: MAJOR:C-O1
./lib/my/src/basic/my_putstr.o:1: MAJOR:C-O1
./lib/my/src/basic/my_revmem.o:1: MAJOR:C-O1
./lib/my/src/basic/my_revstr.o:1: MAJOR:C-O1
./lib/my/src/basic/my_show_word_array.o:1: MAJOR:C-O1
./lib/my/src/basic/my_showmem.o:1: MAJOR:C-O1
./lib/my/src/basic/my_showstr.o:1: MAJOR:C-O1
./lib/my/src/basic/my_sort_int_array.o:1: MAJOR:C-O1
./lib/my/src/basic/my_split.o:1: MAJOR:C-O1
./lib/my/src/basic/my_str_isalnum.o:1: MAJOR:C-O1
./lib/my/src/basic/my_str_isalpha.o:1: MAJOR:C-O1
./lib/my/src/basic/my_str_islower.o:1: MAJOR:C-O1
./lib/my/src/basic/my_str_isnum.o:1: MAJOR:C-O1
./lib/my/src/basic/my_str_isprintable.o:1: MAJOR:C-O1
./lib/my/src/basic/my_str_isupper.o:1: MAJOR:C-O1
./lib/my/src/basic/my_str_to_word_array.o:1: MAJOR:C-O1
./lib/my/src/basic/my_strcapitalize.o:1: MAJOR:C-O1
./lib/my/src/basic/my_strcat.o:1: MAJOR:C-O1
./lib/my/src/basic/my_strchr.o:1: MAJOR:C-O1
./lib/my/src/basic/my_strcmp.o:1: MAJOR:C-O1
./lib/my/src/basic/my_strcpy.o:1: MAJOR:C-O1
./lib/my/src/basic/my_strdup.o:1: MAJOR:C-O1
./lib/my/src/basic/my_strjoin.o:1: MAJOR:C-O1
./lib/my/src/basic/my_strlen.o:1: MAJOR:C-O1
./lib/my/src/basic/my_strlowcase.o:1: MAJOR:C-O1
./lib/my/src/basic/my_strncat.o:1: MAJOR:C-O1
./lib/my/src/basic/my_strncmp.o:1: MAJOR:C-O1
./lib/my/src/basic/my_strncpy.o:1: MAJOR:C-O1
./lib/my/src/basic/my_strrchr.o:1: MAJOR:C-O1
./lib/my/src/basic/my_strstr.o:1: MAJOR:C-O1
./lib/my/src/basic/my_strupcase.o:1: MAJOR:C-O1
./lib/my/src/basic/my_swap.o:1: MAJOR:C-O1
./lib/my/src/basic/report_error.o:1: MAJOR:C-O1
./lib/my/src/engine/buttons.o:1: MAJOR:C-O1
./lib/my/src/engine/collisions.o:1: MAJOR:C-O1
./lib/my/src/engine/controller.o:1: MAJOR:C-O1
./lib/my/src/engine/creation.o:1: MAJOR:C-O1
./lib/my/src/engine/deletion.o:1: MAJOR:C-O1
./lib/my/src/engine/destruction.o:1: MAJOR:C-O1
./lib/my/src/engine/displayer.o:1: MAJOR:C-O1
./lib/my/src/engine/finder.o:1: MAJOR:C-O1
./lib/my/src/engine/sprite_creation.o:1: MAJOR:C-O1
./lib/my/src/engine/sprite_creation2.o:1: MAJOR:C-O1
./lib/my/src/engine/sprite_helper.o:1: MAJOR:C-O1
./lib/my/src/engine/ticks.o:1: MAJOR:C-O1
./lib/my/src/linked_lists/creation.o:1: MAJOR:C-O1
./lib/my/src/linked_lists/deletion.o:1: MAJOR:C-O1
./lib/my/src/linked_lists/iter_tools.o:1: MAJOR:C-O1
./lib/my/src/linked_lists/modifications.o:1: MAJOR:C-O1
./lib/my/src/linked_lists/simple_operations.o:1: MAJOR:C-O1
./lib/my/src/linked_lists/sort.o:1: MAJOR:C-O1
./lib/my/src/printf/f_functions.o:1: MAJOR:C-O1
./lib/my/src/printf/genericf.o:1: MAJOR:C-O1
./lib/my/src/printf/parameter_utils.o:1: MAJOR:C-O1
./lib/my/src/printf/utils1.o:1: MAJOR:C-O1
./lib/my/src/printf/utils2.o:1: MAJOR:C-O1
./lib/my/src/printf/utils3.o:1: MAJOR:C-O1
./src/main.o:1: MAJOR:C-O1
./src/tools/maze.o:1: MAJOR:C-O1
./src/tools/rooms.o:1: MAJOR:C-O1
